[2024-11-12T01:17:04.980+0000] {local_task_job_runner.py:120} INFO - ::group::Pre task execution logs
[2024-11-12T01:17:05.011+0000] {taskinstance.py:2076} INFO - Dependencies all met for dep_context=non-requeueable deps ti=<TaskInstance: BuildELT_dbt.dbt_test manual__2024-11-12T01:16:44.739399+00:00 [queued]>
[2024-11-12T01:17:05.020+0000] {taskinstance.py:2076} INFO - Dependencies all met for dep_context=requeueable deps ti=<TaskInstance: BuildELT_dbt.dbt_test manual__2024-11-12T01:16:44.739399+00:00 [queued]>
[2024-11-12T01:17:05.020+0000] {taskinstance.py:2306} INFO - Starting attempt 1 of 1
[2024-11-12T01:17:05.034+0000] {taskinstance.py:2330} INFO - Executing <Task(BashOperator): dbt_test> on 2024-11-12 01:16:44.739399+00:00
[2024-11-12T01:17:05.040+0000] {standard_task_runner.py:90} INFO - Running: ['***', 'tasks', 'run', 'BuildELT_dbt', 'dbt_test', 'manual__2024-11-12T01:16:44.739399+00:00', '--job-id', '263', '--raw', '--subdir', 'DAGS_FOLDER/build_elt_with_dbt.py', '--cfg-path', '/tmp/tmpng9net0u']
[2024-11-12T01:17:05.043+0000] {standard_task_runner.py:91} INFO - Job 263: Subtask dbt_test
[2024-11-12T01:17:05.043+0000] {logging_mixin.py:188} WARNING - /home/***/.local/lib/python3.12/site-packages/***/task/task_runner/standard_task_runner.py:61 DeprecationWarning: This process (pid=2075) is multi-threaded, use of fork() may lead to deadlocks in the child.
[2024-11-12T01:17:05.044+0000] {standard_task_runner.py:63} INFO - Started process 2076 to run task
[2024-11-12T01:17:05.088+0000] {task_command.py:426} INFO - Running <TaskInstance: BuildELT_dbt.dbt_test manual__2024-11-12T01:16:44.739399+00:00 [running]> on host a23c71b4588d
[2024-11-12T01:17:05.167+0000] {taskinstance.py:2648} INFO - Exporting env vars: AIRFLOW_CTX_DAG_OWNER='***' AIRFLOW_CTX_DAG_ID='BuildELT_dbt' AIRFLOW_CTX_TASK_ID='dbt_test' AIRFLOW_CTX_EXECUTION_DATE='2024-11-12T01:16:44.739399+00:00' AIRFLOW_CTX_TRY_NUMBER='1' AIRFLOW_CTX_DAG_RUN_ID='manual__2024-11-12T01:16:44.739399+00:00'
[2024-11-12T01:17:05.168+0000] {taskinstance.py:430} INFO - ::endgroup::
[2024-11-12T01:17:05.182+0000] {subprocess.py:63} INFO - Tmp dir root location: /tmp
[2024-11-12T01:17:05.183+0000] {subprocess.py:75} INFO - Running command: ['/usr/bin/bash', '-c', '/home/***/.local/bin/dbt test --profiles-dir /opt/***/dbt --project-dir /opt/***/dbt']
[2024-11-12T01:17:05.190+0000] {subprocess.py:86} INFO - Output:
[2024-11-12T01:17:07.698+0000] {subprocess.py:93} INFO - [0m01:17:07  Running with dbt=1.8.8
[2024-11-12T01:17:08.958+0000] {subprocess.py:93} INFO - [0m01:17:08  Registered adapter: snowflake=1.8.4
[2024-11-12T01:17:09.247+0000] {subprocess.py:93} INFO - [0m01:17:09  [[33mWARNING[0m]: Configuration paths exist in your dbt_project.yml file which do not apply to any resources.
[2024-11-12T01:17:09.248+0000] {subprocess.py:93} INFO - There are 2 unused configuration paths:
[2024-11-12T01:17:09.248+0000] {subprocess.py:93} INFO - - models.lab2_project.output
[2024-11-12T01:17:09.248+0000] {subprocess.py:93} INFO - - models.lab2_project.input
[2024-11-12T01:17:09.480+0000] {subprocess.py:93} INFO - [0m01:17:09  Found 2 models, 1 snapshot, 2 data tests, 2 sources, 454 macros
[2024-11-12T01:17:09.484+0000] {subprocess.py:93} INFO - [0m01:17:09
[2024-11-12T01:17:11.046+0000] {subprocess.py:93} INFO - [0m01:17:11  Concurrency: 1 threads (target='dev')
[2024-11-12T01:17:11.053+0000] {subprocess.py:93} INFO - [0m01:17:11
[2024-11-12T01:17:11.084+0000] {subprocess.py:93} INFO - [0m01:17:11  1 of 2 START test not_null_moving_average_price ................................ [RUN]
[2024-11-12T01:17:11.888+0000] {subprocess.py:93} INFO - [0m01:17:11  1 of 2 ERROR not_null_moving_average_price ..................................... [[31mERROR[0m in 0.80s]
[2024-11-12T01:17:11.892+0000] {subprocess.py:93} INFO - [0m01:17:11  2 of 2 START test unique_moving_average_price .................................. [RUN]
[2024-11-12T01:17:12.596+0000] {subprocess.py:93} INFO - [0m01:17:12  2 of 2 ERROR unique_moving_average_price ....................................... [[31mERROR[0m in 0.70s]
[2024-11-12T01:17:12.603+0000] {subprocess.py:93} INFO - [0m01:17:12
[2024-11-12T01:17:12.604+0000] {subprocess.py:93} INFO - [0m01:17:12  Finished running 2 data tests in 0 hours 0 minutes and 3.12 seconds (3.12s).
[2024-11-12T01:17:12.670+0000] {subprocess.py:93} INFO - [0m01:17:12
[2024-11-12T01:17:12.671+0000] {subprocess.py:93} INFO - [0m01:17:12  [31mCompleted with 2 errors and 0 warnings:[0m
[2024-11-12T01:17:12.672+0000] {subprocess.py:93} INFO - [0m01:17:12
[2024-11-12T01:17:12.675+0000] {subprocess.py:93} INFO - [0m01:17:12    Database Error in test not_null_moving_average_price (models/schema.yml)
[2024-11-12T01:17:12.675+0000] {subprocess.py:93} INFO -   000904 (42000): SQL compilation error: error line 12 at position 7
[2024-11-12T01:17:12.676+0000] {subprocess.py:93} INFO -   invalid identifier 'PRICE'
[2024-11-12T01:17:12.677+0000] {subprocess.py:93} INFO -   compiled code at target/run/lab2_project/models/schema.yml/not_null_moving_average_price.sql
[2024-11-12T01:17:12.677+0000] {subprocess.py:93} INFO - [0m01:17:12
[2024-11-12T01:17:12.678+0000] {subprocess.py:93} INFO - [0m01:17:12    Database Error in test unique_moving_average_price (models/schema.yml)
[2024-11-12T01:17:12.678+0000] {subprocess.py:93} INFO -   000904 (42000): SQL compilation error: error line 11 at position 4
[2024-11-12T01:17:12.679+0000] {subprocess.py:93} INFO -   invalid identifier 'PRICE'
[2024-11-12T01:17:12.679+0000] {subprocess.py:93} INFO -   compiled code at target/run/lab2_project/models/schema.yml/unique_moving_average_price.sql
[2024-11-12T01:17:12.679+0000] {subprocess.py:93} INFO - [0m01:17:12
[2024-11-12T01:17:12.680+0000] {subprocess.py:93} INFO - [0m01:17:12  Done. PASS=0 WARN=0 ERROR=2 SKIP=0 TOTAL=2
[2024-11-12T01:17:13.427+0000] {subprocess.py:97} INFO - Command exited with return code 1
[2024-11-12T01:17:13.428+0000] {taskinstance.py:441} INFO - ::group::Post task execution logs
[2024-11-12T01:17:13.438+0000] {taskinstance.py:2905} ERROR - Task failed with exception
Traceback (most recent call last):
  File "/home/airflow/.local/lib/python3.12/site-packages/airflow/models/taskinstance.py", line 465, in _execute_task
    result = _execute_callable(context=context, **execute_callable_kwargs)
             ^^^^^^^^^^^^^^^^^^^^^^^^^^^^^^^^^^^^^^^^^^^^^^^^^^^^^^^^^^^^^
  File "/home/airflow/.local/lib/python3.12/site-packages/airflow/models/taskinstance.py", line 432, in _execute_callable
    return execute_callable(context=context, **execute_callable_kwargs)
           ^^^^^^^^^^^^^^^^^^^^^^^^^^^^^^^^^^^^^^^^^^^^^^^^^^^^^^^^^^^^
  File "/home/airflow/.local/lib/python3.12/site-packages/airflow/models/baseoperator.py", line 400, in wrapper
    return func(self, *args, **kwargs)
           ^^^^^^^^^^^^^^^^^^^^^^^^^^^
  File "/home/airflow/.local/lib/python3.12/site-packages/airflow/operators/bash.py", line 243, in execute
    raise AirflowException(
airflow.exceptions.AirflowException: Bash command failed. The command returned a non-zero exit code 1.
[2024-11-12T01:17:13.442+0000] {taskinstance.py:1206} INFO - Marking task as FAILED. dag_id=BuildELT_dbt, task_id=dbt_test, run_id=manual__2024-11-12T01:16:44.739399+00:00, execution_date=20241112T011644, start_date=20241112T011705, end_date=20241112T011713
[2024-11-12T01:17:13.456+0000] {standard_task_runner.py:110} ERROR - Failed to execute job 263 for task dbt_test (Bash command failed. The command returned a non-zero exit code 1.; 2076)
[2024-11-12T01:17:13.488+0000] {local_task_job_runner.py:240} INFO - Task exited with return code 1
[2024-11-12T01:17:13.508+0000] {taskinstance.py:3498} INFO - 0 downstream tasks scheduled from follow-on schedule check
[2024-11-12T01:17:13.512+0000] {local_task_job_runner.py:222} INFO - ::endgroup::
