[2024-11-12T01:07:25.768+0000] {local_task_job_runner.py:120} INFO - ::group::Pre task execution logs
[2024-11-12T01:07:25.808+0000] {taskinstance.py:2076} INFO - Dependencies all met for dep_context=non-requeueable deps ti=<TaskInstance: BuildELT_dbt.dbt_run_moving_average manual__2024-11-12T01:07:25.098222+00:00 [queued]>
[2024-11-12T01:07:25.818+0000] {taskinstance.py:2076} INFO - Dependencies all met for dep_context=requeueable deps ti=<TaskInstance: BuildELT_dbt.dbt_run_moving_average manual__2024-11-12T01:07:25.098222+00:00 [queued]>
[2024-11-12T01:07:25.819+0000] {taskinstance.py:2306} INFO - Starting attempt 1 of 1
[2024-11-12T01:07:25.834+0000] {taskinstance.py:2330} INFO - Executing <Task(BashOperator): dbt_run_moving_average> on 2024-11-12 01:07:25.098222+00:00
[2024-11-12T01:07:25.841+0000] {standard_task_runner.py:90} INFO - Running: ['***', 'tasks', 'run', 'BuildELT_dbt', 'dbt_run_moving_average', 'manual__2024-11-12T01:07:25.098222+00:00', '--job-id', '257', '--raw', '--subdir', 'DAGS_FOLDER/build_elt_with_dbt.py', '--cfg-path', '/tmp/tmpnjvbff73']
[2024-11-12T01:07:25.844+0000] {standard_task_runner.py:91} INFO - Job 257: Subtask dbt_run_moving_average
[2024-11-12T01:07:25.846+0000] {logging_mixin.py:188} WARNING - /home/***/.local/lib/python3.12/site-packages/***/task/task_runner/standard_task_runner.py:61 DeprecationWarning: This process (pid=1601) is multi-threaded, use of fork() may lead to deadlocks in the child.
[2024-11-12T01:07:25.848+0000] {standard_task_runner.py:63} INFO - Started process 1602 to run task
[2024-11-12T01:07:25.905+0000] {task_command.py:426} INFO - Running <TaskInstance: BuildELT_dbt.dbt_run_moving_average manual__2024-11-12T01:07:25.098222+00:00 [running]> on host a23c71b4588d
[2024-11-12T01:07:26.068+0000] {taskinstance.py:2648} INFO - Exporting env vars: AIRFLOW_CTX_DAG_OWNER='***' AIRFLOW_CTX_DAG_ID='BuildELT_dbt' AIRFLOW_CTX_TASK_ID='dbt_run_moving_average' AIRFLOW_CTX_EXECUTION_DATE='2024-11-12T01:07:25.098222+00:00' AIRFLOW_CTX_TRY_NUMBER='1' AIRFLOW_CTX_DAG_RUN_ID='manual__2024-11-12T01:07:25.098222+00:00'
[2024-11-12T01:07:26.069+0000] {taskinstance.py:430} INFO - ::endgroup::
[2024-11-12T01:07:26.086+0000] {subprocess.py:63} INFO - Tmp dir root location: /tmp
[2024-11-12T01:07:26.087+0000] {subprocess.py:75} INFO - Running command: ['/usr/bin/bash', '-c', '/home/***/.local/bin/dbt run --models moving_average --profiles-dir /opt/***/dbt --project-dir /opt/***/dbt']
[2024-11-12T01:07:26.097+0000] {subprocess.py:86} INFO - Output:
[2024-11-12T01:07:28.834+0000] {subprocess.py:93} INFO - [0m01:07:28  Running with dbt=1.8.8
[2024-11-12T01:07:29.986+0000] {subprocess.py:93} INFO - [0m01:07:29  Registered adapter: snowflake=1.8.4
[2024-11-12T01:07:30.142+0000] {subprocess.py:93} INFO - [0m01:07:30  Unable to do partial parsing because of a version mismatch
[2024-11-12T01:07:31.877+0000] {subprocess.py:93} INFO - [0m01:07:31  [[33mWARNING[0m]: Deprecated functionality
[2024-11-12T01:07:31.878+0000] {subprocess.py:93} INFO - The `tests` config has been renamed to `data_tests`. Please see
[2024-11-12T01:07:31.878+0000] {subprocess.py:93} INFO - https://docs.getdbt.com/docs/build/data-tests#new-data_tests-syntax for more
[2024-11-12T01:07:31.879+0000] {subprocess.py:93} INFO - information.
[2024-11-12T01:07:32.153+0000] {subprocess.py:93} INFO - [0m01:07:32  Encountered an error:
[2024-11-12T01:07:32.154+0000] {subprocess.py:93} INFO - Compilation Error
[2024-11-12T01:07:32.154+0000] {subprocess.py:93} INFO -   Model 'model.lab2_project.rsi' (models/rsi.sql) depends on a node named 'STOCK_PRICES' which was not found
[2024-11-12T01:07:33.127+0000] {subprocess.py:97} INFO - Command exited with return code 2
[2024-11-12T01:07:33.128+0000] {taskinstance.py:441} INFO - ::group::Post task execution logs
[2024-11-12T01:07:33.140+0000] {taskinstance.py:2905} ERROR - Task failed with exception
Traceback (most recent call last):
  File "/home/airflow/.local/lib/python3.12/site-packages/airflow/models/taskinstance.py", line 465, in _execute_task
    result = _execute_callable(context=context, **execute_callable_kwargs)
             ^^^^^^^^^^^^^^^^^^^^^^^^^^^^^^^^^^^^^^^^^^^^^^^^^^^^^^^^^^^^^
  File "/home/airflow/.local/lib/python3.12/site-packages/airflow/models/taskinstance.py", line 432, in _execute_callable
    return execute_callable(context=context, **execute_callable_kwargs)
           ^^^^^^^^^^^^^^^^^^^^^^^^^^^^^^^^^^^^^^^^^^^^^^^^^^^^^^^^^^^^
  File "/home/airflow/.local/lib/python3.12/site-packages/airflow/models/baseoperator.py", line 400, in wrapper
    return func(self, *args, **kwargs)
           ^^^^^^^^^^^^^^^^^^^^^^^^^^^
  File "/home/airflow/.local/lib/python3.12/site-packages/airflow/operators/bash.py", line 243, in execute
    raise AirflowException(
airflow.exceptions.AirflowException: Bash command failed. The command returned a non-zero exit code 2.
[2024-11-12T01:07:33.144+0000] {taskinstance.py:1206} INFO - Marking task as FAILED. dag_id=BuildELT_dbt, task_id=dbt_run_moving_average, run_id=manual__2024-11-12T01:07:25.098222+00:00, execution_date=20241112T010725, start_date=20241112T010725, end_date=20241112T010733
[2024-11-12T01:07:33.157+0000] {standard_task_runner.py:110} ERROR - Failed to execute job 257 for task dbt_run_moving_average (Bash command failed. The command returned a non-zero exit code 2.; 1602)
[2024-11-12T01:07:33.179+0000] {local_task_job_runner.py:240} INFO - Task exited with return code 1
[2024-11-12T01:07:33.210+0000] {taskinstance.py:3498} INFO - 0 downstream tasks scheduled from follow-on schedule check
[2024-11-12T01:07:33.215+0000] {local_task_job_runner.py:222} INFO - ::endgroup::
