[2024-11-12T02:08:22.861+0000] {local_task_job_runner.py:120} INFO - ::group::Pre task execution logs
[2024-11-12T02:08:22.895+0000] {taskinstance.py:2076} INFO - Dependencies all met for dep_context=non-requeueable deps ti=<TaskInstance: BuildELT_dbt.dbt_test manual__2024-11-12T02:08:01.664985+00:00 [queued]>
[2024-11-12T02:08:22.904+0000] {taskinstance.py:2076} INFO - Dependencies all met for dep_context=requeueable deps ti=<TaskInstance: BuildELT_dbt.dbt_test manual__2024-11-12T02:08:01.664985+00:00 [queued]>
[2024-11-12T02:08:22.904+0000] {taskinstance.py:2306} INFO - Starting attempt 1 of 1
[2024-11-12T02:08:22.918+0000] {taskinstance.py:2330} INFO - Executing <Task(BashOperator): dbt_test> on 2024-11-12 02:08:01.664985+00:00
[2024-11-12T02:08:22.925+0000] {standard_task_runner.py:90} INFO - Running: ['***', 'tasks', 'run', 'BuildELT_dbt', 'dbt_test', 'manual__2024-11-12T02:08:01.664985+00:00', '--job-id', '273', '--raw', '--subdir', 'DAGS_FOLDER/build_elt_with_dbt.py', '--cfg-path', '/tmp/tmpa8z85lg7']
[2024-11-12T02:08:22.928+0000] {standard_task_runner.py:91} INFO - Job 273: Subtask dbt_test
[2024-11-12T02:08:22.929+0000] {logging_mixin.py:188} WARNING - /home/***/.local/lib/python3.12/site-packages/***/task/task_runner/standard_task_runner.py:61 DeprecationWarning: This process (pid=3962) is multi-threaded, use of fork() may lead to deadlocks in the child.
[2024-11-12T02:08:22.931+0000] {standard_task_runner.py:63} INFO - Started process 3963 to run task
[2024-11-12T02:08:22.973+0000] {task_command.py:426} INFO - Running <TaskInstance: BuildELT_dbt.dbt_test manual__2024-11-12T02:08:01.664985+00:00 [running]> on host a23c71b4588d
[2024-11-12T02:08:23.057+0000] {taskinstance.py:2648} INFO - Exporting env vars: AIRFLOW_CTX_DAG_OWNER='***' AIRFLOW_CTX_DAG_ID='BuildELT_dbt' AIRFLOW_CTX_TASK_ID='dbt_test' AIRFLOW_CTX_EXECUTION_DATE='2024-11-12T02:08:01.664985+00:00' AIRFLOW_CTX_TRY_NUMBER='1' AIRFLOW_CTX_DAG_RUN_ID='manual__2024-11-12T02:08:01.664985+00:00'
[2024-11-12T02:08:23.058+0000] {taskinstance.py:430} INFO - ::endgroup::
[2024-11-12T02:08:23.073+0000] {subprocess.py:63} INFO - Tmp dir root location: /tmp
[2024-11-12T02:08:23.074+0000] {subprocess.py:75} INFO - Running command: ['/usr/bin/bash', '-c', '/home/***/.local/bin/dbt test --profiles-dir /opt/***/dbt --project-dir /opt/***/dbt']
[2024-11-12T02:08:23.082+0000] {subprocess.py:86} INFO - Output:
[2024-11-12T02:08:25.250+0000] {subprocess.py:93} INFO - [0m02:08:25  Running with dbt=1.8.8
[2024-11-12T02:08:26.310+0000] {subprocess.py:93} INFO - [0m02:08:26  Registered adapter: snowflake=1.8.4
[2024-11-12T02:08:26.610+0000] {subprocess.py:93} INFO - [0m02:08:26  [[33mWARNING[0m]: Configuration paths exist in your dbt_project.yml file which do not apply to any resources.
[2024-11-12T02:08:26.611+0000] {subprocess.py:93} INFO - There are 2 unused configuration paths:
[2024-11-12T02:08:26.611+0000] {subprocess.py:93} INFO - - models.lab2_project.input
[2024-11-12T02:08:26.612+0000] {subprocess.py:93} INFO - - models.lab2_project.output
[2024-11-12T02:08:26.853+0000] {subprocess.py:93} INFO - [0m02:08:26  Found 1 snapshot, 2 models, 10 data tests, 2 sources, 454 macros
[2024-11-12T02:08:26.857+0000] {subprocess.py:93} INFO - [0m02:08:26
[2024-11-12T02:08:28.321+0000] {subprocess.py:93} INFO - [0m02:08:28  Concurrency: 1 threads (target='dev')
[2024-11-12T02:08:28.322+0000] {subprocess.py:93} INFO - [0m02:08:28
[2024-11-12T02:08:28.333+0000] {subprocess.py:93} INFO - [0m02:08:28  1 of 10 START test not_null_moving_average_DATE ................................ [RUN]
[2024-11-12T02:08:29.292+0000] {subprocess.py:93} INFO - [0m02:08:29  1 of 10 PASS not_null_moving_average_DATE ...................................... [[32mPASS[0m in 0.96s]
[2024-11-12T02:08:29.297+0000] {subprocess.py:93} INFO - [0m02:08:29  2 of 10 START test not_null_moving_average_SYMBOL .............................. [RUN]
[2024-11-12T02:08:29.907+0000] {subprocess.py:93} INFO - [0m02:08:29  2 of 10 PASS not_null_moving_average_SYMBOL .................................... [[32mPASS[0m in 0.61s]
[2024-11-12T02:08:29.911+0000] {subprocess.py:93} INFO - [0m02:08:29  3 of 10 START test not_null_moving_average_close ............................... [RUN]
[2024-11-12T02:08:30.694+0000] {subprocess.py:93} INFO - [0m02:08:30  3 of 10 PASS not_null_moving_average_close ..................................... [[32mPASS[0m in 0.78s]
[2024-11-12T02:08:30.699+0000] {subprocess.py:93} INFO - [0m02:08:30  4 of 10 START test not_null_rsi_DATE ........................................... [RUN]
[2024-11-12T02:08:31.648+0000] {subprocess.py:93} INFO - [0m02:08:31  4 of 10 PASS not_null_rsi_DATE ................................................. [[32mPASS[0m in 0.95s]
[2024-11-12T02:08:31.652+0000] {subprocess.py:93} INFO - [0m02:08:31  5 of 10 START test not_null_rsi_SYMBOL ......................................... [RUN]
[2024-11-12T02:08:32.583+0000] {subprocess.py:93} INFO - [0m02:08:32  5 of 10 PASS not_null_rsi_SYMBOL ............................................... [[32mPASS[0m in 0.93s]
[2024-11-12T02:08:32.592+0000] {subprocess.py:93} INFO - [0m02:08:32  6 of 10 START test range_rsi_rsi__100__0 ....................................... [RUN]
[2024-11-12T02:08:32.620+0000] {subprocess.py:93} INFO - [0m02:08:32  6 of 10 ERROR range_rsi_rsi__100__0 ............................................ [[31mERROR[0m in 0.03s]
[2024-11-12T02:08:32.626+0000] {subprocess.py:93} INFO - [0m02:08:32  7 of 10 START test source_not_null_stock_data_db_STOCK_PRICES_DATE ............. [RUN]
[2024-11-12T02:08:33.387+0000] {subprocess.py:93} INFO - [0m02:08:33  7 of 10 PASS source_not_null_stock_data_db_STOCK_PRICES_DATE ................... [[32mPASS[0m in 0.76s]
[2024-11-12T02:08:33.391+0000] {subprocess.py:93} INFO - [0m02:08:33  8 of 10 START test source_not_null_stock_data_db_STOCK_PRICES_SYMBOL ........... [RUN]
[2024-11-12T02:08:34.071+0000] {subprocess.py:93} INFO - [0m02:08:34  8 of 10 PASS source_not_null_stock_data_db_STOCK_PRICES_SYMBOL ................. [[32mPASS[0m in 0.68s]
[2024-11-12T02:08:34.076+0000] {subprocess.py:93} INFO - [0m02:08:34  9 of 10 START test unique_combination_of_columns_moving_average_SYMBOL__DATE__SYMBOL  [RUN]
[2024-11-12T02:08:34.090+0000] {subprocess.py:93} INFO - [0m02:08:34  9 of 10 ERROR unique_combination_of_columns_moving_average_SYMBOL__DATE__SYMBOL  [[31mERROR[0m in 0.01s]
[2024-11-12T02:08:34.095+0000] {subprocess.py:93} INFO - [0m02:08:34  10 of 10 START test unique_combination_of_columns_rsi_SYMBOL__DATE__SYMBOL ..... [RUN]
[2024-11-12T02:08:34.107+0000] {subprocess.py:93} INFO - [0m02:08:34  10 of 10 ERROR unique_combination_of_columns_rsi_SYMBOL__DATE__SYMBOL .......... [[31mERROR[0m in 0.01s]
[2024-11-12T02:08:34.113+0000] {subprocess.py:93} INFO - [0m02:08:34
[2024-11-12T02:08:34.114+0000] {subprocess.py:93} INFO - [0m02:08:34  Finished running 10 data tests in 0 hours 0 minutes and 7.25 seconds (7.25s).
[2024-11-12T02:08:34.182+0000] {subprocess.py:93} INFO - [0m02:08:34
[2024-11-12T02:08:34.184+0000] {subprocess.py:93} INFO - [0m02:08:34  [31mCompleted with 3 errors and 0 warnings:[0m
[2024-11-12T02:08:34.185+0000] {subprocess.py:93} INFO - [0m02:08:34
[2024-11-12T02:08:34.187+0000] {subprocess.py:93} INFO - [0m02:08:34    Compilation Error in test range_rsi_rsi__100__0 (models/schema.yml)
[2024-11-12T02:08:34.187+0000] {subprocess.py:93} INFO -   'test_range' is undefined. This can happen when calling a macro that does not exist. Check for typos and/or install package dependencies with "dbt deps".
[2024-11-12T02:08:34.188+0000] {subprocess.py:93} INFO - [0m02:08:34
[2024-11-12T02:08:34.189+0000] {subprocess.py:93} INFO - [0m02:08:34    Compilation Error in test unique_combination_of_columns_moving_average_SYMBOL__DATE__SYMBOL (models/schema.yml)
[2024-11-12T02:08:34.190+0000] {subprocess.py:93} INFO -   'test_unique_combination_of_columns' is undefined. This can happen when calling a macro that does not exist. Check for typos and/or install package dependencies with "dbt deps".
[2024-11-12T02:08:34.190+0000] {subprocess.py:93} INFO - [0m02:08:34
[2024-11-12T02:08:34.192+0000] {subprocess.py:93} INFO - [0m02:08:34    Compilation Error in test unique_combination_of_columns_rsi_SYMBOL__DATE__SYMBOL (models/schema.yml)
[2024-11-12T02:08:34.192+0000] {subprocess.py:93} INFO -   'test_unique_combination_of_columns' is undefined. This can happen when calling a macro that does not exist. Check for typos and/or install package dependencies with "dbt deps".
[2024-11-12T02:08:34.193+0000] {subprocess.py:93} INFO - [0m02:08:34
[2024-11-12T02:08:34.194+0000] {subprocess.py:93} INFO - [0m02:08:34  Done. PASS=7 WARN=0 ERROR=3 SKIP=0 TOTAL=10
[2024-11-12T02:08:34.892+0000] {subprocess.py:97} INFO - Command exited with return code 1
[2024-11-12T02:08:34.893+0000] {taskinstance.py:441} INFO - ::group::Post task execution logs
[2024-11-12T02:08:34.906+0000] {taskinstance.py:2905} ERROR - Task failed with exception
Traceback (most recent call last):
  File "/home/airflow/.local/lib/python3.12/site-packages/airflow/models/taskinstance.py", line 465, in _execute_task
    result = _execute_callable(context=context, **execute_callable_kwargs)
             ^^^^^^^^^^^^^^^^^^^^^^^^^^^^^^^^^^^^^^^^^^^^^^^^^^^^^^^^^^^^^
  File "/home/airflow/.local/lib/python3.12/site-packages/airflow/models/taskinstance.py", line 432, in _execute_callable
    return execute_callable(context=context, **execute_callable_kwargs)
           ^^^^^^^^^^^^^^^^^^^^^^^^^^^^^^^^^^^^^^^^^^^^^^^^^^^^^^^^^^^^
  File "/home/airflow/.local/lib/python3.12/site-packages/airflow/models/baseoperator.py", line 400, in wrapper
    return func(self, *args, **kwargs)
           ^^^^^^^^^^^^^^^^^^^^^^^^^^^
  File "/home/airflow/.local/lib/python3.12/site-packages/airflow/operators/bash.py", line 243, in execute
    raise AirflowException(
airflow.exceptions.AirflowException: Bash command failed. The command returned a non-zero exit code 1.
[2024-11-12T02:08:34.912+0000] {taskinstance.py:1206} INFO - Marking task as FAILED. dag_id=BuildELT_dbt, task_id=dbt_test, run_id=manual__2024-11-12T02:08:01.664985+00:00, execution_date=20241112T020801, start_date=20241112T020822, end_date=20241112T020834
[2024-11-12T02:08:34.924+0000] {standard_task_runner.py:110} ERROR - Failed to execute job 273 for task dbt_test (Bash command failed. The command returned a non-zero exit code 1.; 3963)
[2024-11-12T02:08:34.939+0000] {local_task_job_runner.py:240} INFO - Task exited with return code 1
[2024-11-12T02:08:34.961+0000] {taskinstance.py:3498} INFO - 0 downstream tasks scheduled from follow-on schedule check
[2024-11-12T02:08:34.966+0000] {local_task_job_runner.py:222} INFO - ::endgroup::
