[2024-11-11T02:25:49.706+0000] {local_task_job_runner.py:120} INFO - ::group::Pre task execution logs
[2024-11-11T02:25:49.737+0000] {taskinstance.py:2076} INFO - Dependencies all met for dep_context=non-requeueable deps ti=<TaskInstance: BuildELT_dbt.dbt_run manual__2024-11-10T20:43:12.403500+00:00 [queued]>
[2024-11-11T02:25:49.745+0000] {taskinstance.py:2076} INFO - Dependencies all met for dep_context=requeueable deps ti=<TaskInstance: BuildELT_dbt.dbt_run manual__2024-11-10T20:43:12.403500+00:00 [queued]>
[2024-11-11T02:25:49.746+0000] {taskinstance.py:2306} INFO - Starting attempt 2 of 2
[2024-11-11T02:25:49.760+0000] {taskinstance.py:2330} INFO - Executing <Task(BashOperator): dbt_run> on 2024-11-10 20:43:12.403500+00:00
[2024-11-11T02:25:49.766+0000] {standard_task_runner.py:90} INFO - Running: ['***', 'tasks', 'run', 'BuildELT_dbt', 'dbt_run', 'manual__2024-11-10T20:43:12.403500+00:00', '--job-id', '38', '--raw', '--subdir', 'DAGS_FOLDER/build_elt_with_dbt.py', '--cfg-path', '/tmp/tmpqtrk3kw6']
[2024-11-11T02:25:49.769+0000] {standard_task_runner.py:91} INFO - Job 38: Subtask dbt_run
[2024-11-11T02:25:49.770+0000] {logging_mixin.py:188} WARNING - /home/***/.local/lib/python3.12/site-packages/***/task/task_runner/standard_task_runner.py:61 DeprecationWarning: This process (pid=5729) is multi-threaded, use of fork() may lead to deadlocks in the child.
[2024-11-11T02:25:49.771+0000] {standard_task_runner.py:63} INFO - Started process 5730 to run task
[2024-11-11T02:25:49.814+0000] {task_command.py:426} INFO - Running <TaskInstance: BuildELT_dbt.dbt_run manual__2024-11-10T20:43:12.403500+00:00 [running]> on host da9136e3a7ee
[2024-11-11T02:25:49.899+0000] {taskinstance.py:2648} INFO - Exporting env vars: AIRFLOW_CTX_DAG_OWNER='***' AIRFLOW_CTX_DAG_ID='BuildELT_dbt' AIRFLOW_CTX_TASK_ID='dbt_run' AIRFLOW_CTX_EXECUTION_DATE='2024-11-10T20:43:12.403500+00:00' AIRFLOW_CTX_TRY_NUMBER='2' AIRFLOW_CTX_DAG_RUN_ID='manual__2024-11-10T20:43:12.403500+00:00'
[2024-11-11T02:25:49.899+0000] {taskinstance.py:430} INFO - ::endgroup::
[2024-11-11T02:25:49.916+0000] {subprocess.py:63} INFO - Tmp dir root location: /tmp
[2024-11-11T02:25:49.918+0000] {subprocess.py:75} INFO - Running command: ['/usr/bin/bash', '-c', '/home/***/.local/bin/dbt run --profiles-dir /opt/***/build_test2 --project-dir /opt/***/build_test2']
[2024-11-11T02:25:49.920+0000] {taskinstance.py:441} INFO - ::group::Post task execution logs
[2024-11-11T02:25:49.920+0000] {taskinstance.py:2905} ERROR - Task failed with exception
Traceback (most recent call last):
  File "/home/airflow/.local/lib/python3.12/site-packages/airflow/models/taskinstance.py", line 465, in _execute_task
    result = _execute_callable(context=context, **execute_callable_kwargs)
             ^^^^^^^^^^^^^^^^^^^^^^^^^^^^^^^^^^^^^^^^^^^^^^^^^^^^^^^^^^^^^
  File "/home/airflow/.local/lib/python3.12/site-packages/airflow/models/taskinstance.py", line 432, in _execute_callable
    return execute_callable(context=context, **execute_callable_kwargs)
           ^^^^^^^^^^^^^^^^^^^^^^^^^^^^^^^^^^^^^^^^^^^^^^^^^^^^^^^^^^^^
  File "/home/airflow/.local/lib/python3.12/site-packages/airflow/models/baseoperator.py", line 400, in wrapper
    return func(self, *args, **kwargs)
           ^^^^^^^^^^^^^^^^^^^^^^^^^^^
  File "/home/airflow/.local/lib/python3.12/site-packages/airflow/operators/bash.py", line 234, in execute
    result = self.subprocess_hook.run_command(
             ^^^^^^^^^^^^^^^^^^^^^^^^^^^^^^^^^
  File "/home/airflow/.local/lib/python3.12/site-packages/airflow/hooks/subprocess.py", line 77, in run_command
    self.sub_process = Popen(
                       ^^^^^^
  File "/usr/local/lib/python3.12/subprocess.py", line 1026, in __init__
    self._execute_child(args, executable, preexec_fn, close_fds,
  File "/usr/local/lib/python3.12/subprocess.py", line 1872, in _execute_child
    env_list.append(k + b'=' + os.fsencode(v))
                               ^^^^^^^^^^^^^^
  File "<frozen os>", line 818, in fsencode
TypeError: expected str, bytes or os.PathLike object, not NoneType
[2024-11-11T02:25:49.934+0000] {taskinstance.py:1206} INFO - Marking task as FAILED. dag_id=BuildELT_dbt, task_id=dbt_run, run_id=manual__2024-11-10T20:43:12.403500+00:00, execution_date=20241110T204312, start_date=20241111T022549, end_date=20241111T022549
[2024-11-11T02:25:49.946+0000] {standard_task_runner.py:110} ERROR - Failed to execute job 38 for task dbt_run (expected str, bytes or os.PathLike object, not NoneType; 5730)
[2024-11-11T02:25:49.985+0000] {local_task_job_runner.py:240} INFO - Task exited with return code 1
[2024-11-11T02:25:50.009+0000] {taskinstance.py:3498} INFO - 0 downstream tasks scheduled from follow-on schedule check
[2024-11-11T02:25:50.013+0000] {local_task_job_runner.py:222} INFO - ::endgroup::
