[2024-11-12T01:20:19.372+0000] {local_task_job_runner.py:120} INFO - ::group::Pre task execution logs
[2024-11-12T01:20:19.402+0000] {taskinstance.py:2076} INFO - Dependencies all met for dep_context=non-requeueable deps ti=<TaskInstance: BuildELT_dbt.dbt_test manual__2024-11-12T01:19:59.503138+00:00 [queued]>
[2024-11-12T01:20:19.410+0000] {taskinstance.py:2076} INFO - Dependencies all met for dep_context=requeueable deps ti=<TaskInstance: BuildELT_dbt.dbt_test manual__2024-11-12T01:19:59.503138+00:00 [queued]>
[2024-11-12T01:20:19.411+0000] {taskinstance.py:2306} INFO - Starting attempt 1 of 1
[2024-11-12T01:20:19.424+0000] {taskinstance.py:2330} INFO - Executing <Task(BashOperator): dbt_test> on 2024-11-12 01:19:59.503138+00:00
[2024-11-12T01:20:19.430+0000] {standard_task_runner.py:90} INFO - Running: ['***', 'tasks', 'run', 'BuildELT_dbt', 'dbt_test', 'manual__2024-11-12T01:19:59.503138+00:00', '--job-id', '266', '--raw', '--subdir', 'DAGS_FOLDER/build_elt_with_dbt.py', '--cfg-path', '/tmp/tmpehn87mwc']
[2024-11-12T01:20:19.433+0000] {standard_task_runner.py:91} INFO - Job 266: Subtask dbt_test
[2024-11-12T01:20:19.434+0000] {logging_mixin.py:188} WARNING - /home/***/.local/lib/python3.12/site-packages/***/task/task_runner/standard_task_runner.py:61 DeprecationWarning: This process (pid=2251) is multi-threaded, use of fork() may lead to deadlocks in the child.
[2024-11-12T01:20:19.435+0000] {standard_task_runner.py:63} INFO - Started process 2252 to run task
[2024-11-12T01:20:19.478+0000] {task_command.py:426} INFO - Running <TaskInstance: BuildELT_dbt.dbt_test manual__2024-11-12T01:19:59.503138+00:00 [running]> on host a23c71b4588d
[2024-11-12T01:20:19.565+0000] {taskinstance.py:2648} INFO - Exporting env vars: AIRFLOW_CTX_DAG_OWNER='***' AIRFLOW_CTX_DAG_ID='BuildELT_dbt' AIRFLOW_CTX_TASK_ID='dbt_test' AIRFLOW_CTX_EXECUTION_DATE='2024-11-12T01:19:59.503138+00:00' AIRFLOW_CTX_TRY_NUMBER='1' AIRFLOW_CTX_DAG_RUN_ID='manual__2024-11-12T01:19:59.503138+00:00'
[2024-11-12T01:20:19.566+0000] {taskinstance.py:430} INFO - ::endgroup::
[2024-11-12T01:20:19.581+0000] {subprocess.py:63} INFO - Tmp dir root location: /tmp
[2024-11-12T01:20:19.583+0000] {subprocess.py:75} INFO - Running command: ['/usr/bin/bash', '-c', '/home/***/.local/bin/dbt test --profiles-dir /opt/***/dbt --project-dir /opt/***/dbt']
[2024-11-12T01:20:19.590+0000] {subprocess.py:86} INFO - Output:
[2024-11-12T01:20:21.903+0000] {subprocess.py:93} INFO - [0m01:20:21  Running with dbt=1.8.8
[2024-11-12T01:20:23.158+0000] {subprocess.py:93} INFO - [0m01:20:23  Registered adapter: snowflake=1.8.4
[2024-11-12T01:20:23.459+0000] {subprocess.py:93} INFO - [0m01:20:23  [[33mWARNING[0m]: Configuration paths exist in your dbt_project.yml file which do not apply to any resources.
[2024-11-12T01:20:23.459+0000] {subprocess.py:93} INFO - There are 2 unused configuration paths:
[2024-11-12T01:20:23.460+0000] {subprocess.py:93} INFO - - models.lab2_project.input
[2024-11-12T01:20:23.460+0000] {subprocess.py:93} INFO - - models.lab2_project.output
[2024-11-12T01:20:23.697+0000] {subprocess.py:93} INFO - [0m01:20:23  Found 1 snapshot, 2 models, 2 data tests, 2 sources, 454 macros
[2024-11-12T01:20:23.701+0000] {subprocess.py:93} INFO - [0m01:20:23
[2024-11-12T01:20:25.299+0000] {subprocess.py:93} INFO - [0m01:20:25  Concurrency: 1 threads (target='dev')
[2024-11-12T01:20:25.300+0000] {subprocess.py:93} INFO - [0m01:20:25
[2024-11-12T01:20:25.315+0000] {subprocess.py:93} INFO - [0m01:20:25  1 of 2 START test not_null_moving_average_close ................................ [RUN]
[2024-11-12T01:20:26.442+0000] {subprocess.py:93} INFO - [0m01:20:26  1 of 2 PASS not_null_moving_average_close ...................................... [[32mPASS[0m in 1.13s]
[2024-11-12T01:20:26.446+0000] {subprocess.py:93} INFO - [0m01:20:26  2 of 2 START test unique_moving_average_close .................................. [RUN]
[2024-11-12T01:20:27.609+0000] {subprocess.py:93} INFO - [0m01:20:27  2 of 2 FAIL 124 unique_moving_average_close .................................... [[31mFAIL 124[0m in 1.16s]
[2024-11-12T01:20:27.617+0000] {subprocess.py:93} INFO - [0m01:20:27
[2024-11-12T01:20:27.618+0000] {subprocess.py:93} INFO - [0m01:20:27  Finished running 2 data tests in 0 hours 0 minutes and 3.91 seconds (3.91s).
[2024-11-12T01:20:27.693+0000] {subprocess.py:93} INFO - [0m01:20:27
[2024-11-12T01:20:27.694+0000] {subprocess.py:93} INFO - [0m01:20:27  [31mCompleted with 1 error and 0 warnings:[0m
[2024-11-12T01:20:27.695+0000] {subprocess.py:93} INFO - [0m01:20:27
[2024-11-12T01:20:27.696+0000] {subprocess.py:93} INFO - [0m01:20:27  [31mFailure in test unique_moving_average_close (models/schema.yml)[0m
[2024-11-12T01:20:27.697+0000] {subprocess.py:93} INFO - [0m01:20:27    Got 124 results, configured to fail if != 0
[2024-11-12T01:20:27.699+0000] {subprocess.py:93} INFO - [0m01:20:27
[2024-11-12T01:20:27.700+0000] {subprocess.py:93} INFO - [0m01:20:27    compiled code at target/compiled/lab2_project/models/schema.yml/unique_moving_average_close.sql
[2024-11-12T01:20:27.701+0000] {subprocess.py:93} INFO - [0m01:20:27
[2024-11-12T01:20:27.702+0000] {subprocess.py:93} INFO - [0m01:20:27  Done. PASS=1 WARN=0 ERROR=1 SKIP=0 TOTAL=2
[2024-11-12T01:20:28.473+0000] {subprocess.py:97} INFO - Command exited with return code 1
[2024-11-12T01:20:28.474+0000] {taskinstance.py:441} INFO - ::group::Post task execution logs
[2024-11-12T01:20:28.484+0000] {taskinstance.py:2905} ERROR - Task failed with exception
Traceback (most recent call last):
  File "/home/airflow/.local/lib/python3.12/site-packages/airflow/models/taskinstance.py", line 465, in _execute_task
    result = _execute_callable(context=context, **execute_callable_kwargs)
             ^^^^^^^^^^^^^^^^^^^^^^^^^^^^^^^^^^^^^^^^^^^^^^^^^^^^^^^^^^^^^
  File "/home/airflow/.local/lib/python3.12/site-packages/airflow/models/taskinstance.py", line 432, in _execute_callable
    return execute_callable(context=context, **execute_callable_kwargs)
           ^^^^^^^^^^^^^^^^^^^^^^^^^^^^^^^^^^^^^^^^^^^^^^^^^^^^^^^^^^^^
  File "/home/airflow/.local/lib/python3.12/site-packages/airflow/models/baseoperator.py", line 400, in wrapper
    return func(self, *args, **kwargs)
           ^^^^^^^^^^^^^^^^^^^^^^^^^^^
  File "/home/airflow/.local/lib/python3.12/site-packages/airflow/operators/bash.py", line 243, in execute
    raise AirflowException(
airflow.exceptions.AirflowException: Bash command failed. The command returned a non-zero exit code 1.
[2024-11-12T01:20:28.488+0000] {taskinstance.py:1206} INFO - Marking task as FAILED. dag_id=BuildELT_dbt, task_id=dbt_test, run_id=manual__2024-11-12T01:19:59.503138+00:00, execution_date=20241112T011959, start_date=20241112T012019, end_date=20241112T012028
[2024-11-12T01:20:28.502+0000] {standard_task_runner.py:110} ERROR - Failed to execute job 266 for task dbt_test (Bash command failed. The command returned a non-zero exit code 1.; 2252)
[2024-11-12T01:20:28.523+0000] {local_task_job_runner.py:240} INFO - Task exited with return code 1
[2024-11-12T01:20:28.543+0000] {taskinstance.py:3498} INFO - 0 downstream tasks scheduled from follow-on schedule check
[2024-11-12T01:20:28.547+0000] {local_task_job_runner.py:222} INFO - ::endgroup::
